<?xml version="1.0" encoding="utf-8"?><testsuites name="pytest tests"><testsuite name="pytest" errors="0" failures="0" skipped="0" tests="5" time="12.828" timestamp="2026-03-12T06:22:58.043998+00:00" hostname="agent-env-b0d12c7d-357e-40fd-805d-ad85a9eac808"><testcase classname="backend.tests.test_email_registration.TestEmailServiceDiagnostic" name="test_email_service_initialization" time="2.722" /><testcase classname="backend.tests.test_email_registration.TestTrialUserRegistration" name="test_trial_registration_success" time="1.055" /><testcase classname="backend.tests.test_email_registration.TestRegularUserRegistration" name="test_regular_registration_pending_status" time="2.529" /><testcase classname="backend.tests.test_email_registration.TestRegistrationValidation" name="test_duplicate_username_rejected" time="6.026" /><testcase classname="backend.tests.test_email_registration.TestCleanup" name="test_cleanup_test_users" time="0.319" /></testsuite></testsuites>