<?xml version="1.0" encoding="utf-8"?><testsuites name="pytest tests"><testsuite name="pytest" errors="0" failures="0" skipped="0" tests="11" time="1.640" timestamp="2026-03-22T19:53:49.189873+00:00" hostname="agent-env-6b78cd4f-d248-44e9-9c2f-133608a41abc"><testcase classname="backend.tests.test_fcm_endpoints.TestFCMEndpoints" name="test_health_endpoint" time="0.109" /><testcase classname="backend.tests.test_fcm_endpoints.TestFCMEndpoints" name="test_fcm_status_endpoint" time="0.095" /><testcase classname="backend.tests.test_fcm_endpoints.TestFCMEndpoints" name="test_fcm_register_token_success" time="0.095" /><testcase classname="backend.tests.test_fcm_endpoints.TestFCMEndpoints" name="test_fcm_register_token_missing_user_id" time="0.095" /><testcase classname="backend.tests.test_fcm_endpoints.TestFCMEndpoints" name="test_fcm_register_token_missing_token" time="0.104" /><testcase classname="backend.tests.test_fcm_endpoints.TestFCMEndpoints" name="test_fcm_register_token_update_existing" time="0.225" /><testcase classname="backend.tests.test_fcm_endpoints.TestFCMEndpoints" name="test_fcm_test_notification_with_invalid_token" time="0.145" /><testcase classname="backend.tests.test_fcm_endpoints.TestFCMEndpoints" name="test_fcm_test_notification_missing_token" time="0.098" /><testcase classname="backend.tests.test_fcm_endpoints.TestServiceWorkerEndpoint" name="test_service_worker_accessible" time="0.091" /><testcase classname="backend.tests.test_fcm_endpoints.TestLoginAndAuth" name="test_login_with_admin_credentials" time="0.329" /><testcase classname="backend.tests.test_fcm_endpoints.TestLoginAndAuth" name="test_login_with_invalid_credentials" time="0.110" /></testsuite></testsuites>