<?xml version="1.0" encoding="utf-8"?><testsuites name="pytest tests"><testsuite name="pytest" errors="0" failures="0" skipped="0" tests="13" time="4.568" timestamp="2026-04-12T14:55:01.682561+00:00" hostname="agent-env-1ae831dc-f4da-4849-be6e-d0e87a57fae7"><testcase classname="backend.tests.test_password_reset_and_messages.TestHealthCheck" name="test_health_endpoint" time="0.199" /><testcase classname="backend.tests.test_password_reset_and_messages.TestLoginFlow" name="test_login_with_valid_credentials" time="0.371" /><testcase classname="backend.tests.test_password_reset_and_messages.TestLoginFlow" name="test_login_with_invalid_password" time="0.347" /><testcase classname="backend.tests.test_password_reset_and_messages.TestLoginFlow" name="test_login_with_nonexistent_user" time="0.096" /><testcase classname="backend.tests.test_password_reset_and_messages.TestDirectPasswordReset" name="test_reset_password_with_correct_credentials" time="1.042" /><testcase classname="backend.tests.test_password_reset_and_messages.TestDirectPasswordReset" name="test_reset_password_with_wrong_email" time="0.087" /><testcase classname="backend.tests.test_password_reset_and_messages.TestDirectPasswordReset" name="test_reset_password_with_nonexistent_username" time="0.086" /><testcase classname="backend.tests.test_password_reset_and_messages.TestDirectPasswordReset" name="test_reset_password_too_short" time="0.134" /><testcase classname="backend.tests.test_password_reset_and_messages.TestMessagesWithTextContent" name="test_send_text_message" time="0.454" /><testcase classname="backend.tests.test_password_reset_and_messages.TestMessagesWithTextContent" name="test_send_image_message_with_text_content" time="0.448" /><testcase classname="backend.tests.test_password_reset_and_messages.TestMessagesWithTextContent" name="test_send_image_message_without_text_content" time="0.443" /><testcase classname="backend.tests.test_password_reset_and_messages.TestMessagesWithTextContent" name="test_send_reply_message" time="0.521" /><testcase classname="backend.tests.test_password_reset_and_messages.TestGetMessages" name="test_get_messages" time="0.098" /></testsuite></testsuites>