<?xml version="1.0" encoding="utf-8"?><testsuites name="pytest tests"><testsuite name="pytest" errors="0" failures="0" skipped="0" tests="10" time="2.419" timestamp="2026-03-10T17:07:36.970500+00:00" hostname="agent-env-e1b4b687-2c4b-4e02-ae05-865bfd650604"><testcase classname="backend.tests.test_cashoutai_api.TestHealthCheck" name="test_api_root" time="0.257" /><testcase classname="backend.tests.test_cashoutai_api.TestStockPriceAPI" name="test_stock_price_aapl" time="0.326" /><testcase classname="backend.tests.test_cashoutai_api.TestStockPriceAPI" name="test_stock_price_tsla" time="0.260" /><testcase classname="backend.tests.test_cashoutai_api.TestStockPriceAPI" name="test_stock_price_invalid_symbol" time="0.304" /><testcase classname="backend.tests.test_cashoutai_api.TestMessagesAPI" name="test_get_messages_default_limit" time="0.191" /><testcase classname="backend.tests.test_cashoutai_api.TestMessagesAPI" name="test_get_messages_high_limit" time="0.172" /><testcase classname="backend.tests.test_cashoutai_api.TestMessagesAPI" name="test_messages_structure" time="0.179" /><testcase classname="backend.tests.test_cashoutai_api.TestLoginAPI" name="test_login_valid_credentials" time="0.098" /><testcase classname="backend.tests.test_cashoutai_api.TestLoginAPI" name="test_login_invalid_credentials" time="0.153" /><testcase classname="backend.tests.test_cashoutai_api.TestUserProfile" name="test_user_profile_get" time="0.278" /></testsuite></testsuites>